{"/Users/hshiungdaniel/Desktop/school/react/glasses5owe1/final_project/src/function/CheckBill.js": {"path":"/Users/hshiungdaniel/Desktop/school/react/glasses5owe1/final_project/src/function/CheckBill.js","statementMap":{"0":{"start":{"line":11,"column":21},"end":{"line":11,"column":37}},"1":{"start":{"line":13,"column":23},"end":{"line":13,"column":63}},"2":{"start":{"line":13,"column":43},"end":{"line":13,"column":62}},"3":{"start":{"line":15,"column":20},"end":{"line":15,"column":45}},"4":{"start":{"line":17,"column":18},"end":{"line":17,"column":41}},"5":{"start":{"line":18,"column":17},"end":{"line":18,"column":39}},"6":{"start":{"line":19,"column":19},"end":{"line":19,"column":43}},"7":{"start":{"line":19,"column":31},"end":{"line":19,"column":42}},"8":{"start":{"line":20,"column":19},"end":{"line":20,"column":43}},"9":{"start":{"line":20,"column":31},"end":{"line":20,"column":42}},"10":{"start":{"line":21,"column":19},"end":{"line":21,"column":43}},"11":{"start":{"line":21,"column":31},"end":{"line":21,"column":42}},"12":{"start":{"line":22,"column":19},"end":{"line":22,"column":43}},"13":{"start":{"line":22,"column":31},"end":{"line":22,"column":42}},"14":{"start":{"line":23,"column":19},"end":{"line":23,"column":43}},"15":{"start":{"line":23,"column":31},"end":{"line":23,"column":42}},"16":{"start":{"line":26,"column":4},"end":{"line":45,"column":5}},"17":{"start":{"line":27,"column":8},"end":{"line":27,"column":24}},"18":{"start":{"line":28,"column":10},"end":{"line":45,"column":5}},"19":{"start":{"line":29,"column":8},"end":{"line":29,"column":23}},"20":{"start":{"line":30,"column":10},"end":{"line":45,"column":5}},"21":{"start":{"line":31,"column":8},"end":{"line":31,"column":23}},"22":{"start":{"line":32,"column":10},"end":{"line":45,"column":5}},"23":{"start":{"line":33,"column":8},"end":{"line":33,"column":23}},"24":{"start":{"line":34,"column":10},"end":{"line":45,"column":5}},"25":{"start":{"line":35,"column":8},"end":{"line":35,"column":23}},"26":{"start":{"line":36,"column":10},"end":{"line":45,"column":5}},"27":{"start":{"line":37,"column":8},"end":{"line":37,"column":23}},"28":{"start":{"line":38,"column":10},"end":{"line":45,"column":5}},"29":{"start":{"line":39,"column":8},"end":{"line":39,"column":23}},"30":{"start":{"line":40,"column":10},"end":{"line":45,"column":5}},"31":{"start":{"line":41,"column":8},"end":{"line":41,"column":23}},"32":{"start":{"line":43,"column":8},"end":{"line":43,"column":41}},"33":{"start":{"line":44,"column":8},"end":{"line":44,"column":20}}},"fnMap":{"0":{"name":"FetchBill","decl":{"start":{"line":10,"column":24},"end":{"line":10,"column":33}},"loc":{"start":{"line":10,"column":52},"end":{"line":47,"column":1}},"line":10},"1":{"name":"(anonymous_1)","decl":{"start":{"line":13,"column":39},"end":{"line":13,"column":40}},"loc":{"start":{"line":13,"column":43},"end":{"line":13,"column":62}},"line":13},"2":{"name":"(anonymous_2)","decl":{"start":{"line":19,"column":28},"end":{"line":19,"column":29}},"loc":{"start":{"line":19,"column":31},"end":{"line":19,"column":42}},"line":19},"3":{"name":"(anonymous_3)","decl":{"start":{"line":20,"column":28},"end":{"line":20,"column":29}},"loc":{"start":{"line":20,"column":31},"end":{"line":20,"column":42}},"line":20},"4":{"name":"(anonymous_4)","decl":{"start":{"line":21,"column":28},"end":{"line":21,"column":29}},"loc":{"start":{"line":21,"column":31},"end":{"line":21,"column":42}},"line":21},"5":{"name":"(anonymous_5)","decl":{"start":{"line":22,"column":28},"end":{"line":22,"column":29}},"loc":{"start":{"line":22,"column":31},"end":{"line":22,"column":42}},"line":22},"6":{"name":"(anonymous_6)","decl":{"start":{"line":23,"column":28},"end":{"line":23,"column":29}},"loc":{"start":{"line":23,"column":31},"end":{"line":23,"column":42}},"line":23}},"branchMap":{"0":{"loc":{"start":{"line":26,"column":4},"end":{"line":45,"column":5}},"type":"if","locations":[{"start":{"line":26,"column":4},"end":{"line":45,"column":5}},{"start":{"line":28,"column":10},"end":{"line":45,"column":5}}],"line":26},"1":{"loc":{"start":{"line":28,"column":10},"end":{"line":45,"column":5}},"type":"if","locations":[{"start":{"line":28,"column":10},"end":{"line":45,"column":5}},{"start":{"line":30,"column":10},"end":{"line":45,"column":5}}],"line":28},"2":{"loc":{"start":{"line":30,"column":10},"end":{"line":45,"column":5}},"type":"if","locations":[{"start":{"line":30,"column":10},"end":{"line":45,"column":5}},{"start":{"line":32,"column":10},"end":{"line":45,"column":5}}],"line":30},"3":{"loc":{"start":{"line":32,"column":10},"end":{"line":45,"column":5}},"type":"if","locations":[{"start":{"line":32,"column":10},"end":{"line":45,"column":5}},{"start":{"line":34,"column":10},"end":{"line":45,"column":5}}],"line":32},"4":{"loc":{"start":{"line":34,"column":10},"end":{"line":45,"column":5}},"type":"if","locations":[{"start":{"line":34,"column":10},"end":{"line":45,"column":5}},{"start":{"line":36,"column":10},"end":{"line":45,"column":5}}],"line":34},"5":{"loc":{"start":{"line":36,"column":10},"end":{"line":45,"column":5}},"type":"if","locations":[{"start":{"line":36,"column":10},"end":{"line":45,"column":5}},{"start":{"line":38,"column":10},"end":{"line":45,"column":5}}],"line":36},"6":{"loc":{"start":{"line":38,"column":10},"end":{"line":45,"column":5}},"type":"if","locations":[{"start":{"line":38,"column":10},"end":{"line":45,"column":5}},{"start":{"line":40,"column":10},"end":{"line":45,"column":5}}],"line":38},"7":{"loc":{"start":{"line":40,"column":10},"end":{"line":45,"column":5}},"type":"if","locations":[{"start":{"line":40,"column":10},"end":{"line":45,"column":5}},{"start":{"line":42,"column":9},"end":{"line":45,"column":5}}],"line":40}},"s":{"0":8,"1":8,"2":24,"3":8,"4":8,"5":8,"6":8,"7":24,"8":8,"9":24,"10":8,"11":24,"12":8,"13":24,"14":8,"15":24,"16":8,"17":1,"18":7,"19":1,"20":6,"21":3,"22":3,"23":0,"24":3,"25":1,"26":2,"27":1,"28":1,"29":0,"30":1,"31":1,"32":0,"33":0},"f":{"0":8,"1":24,"2":24,"3":24,"4":24,"5":24,"6":24},"b":{"0":[1,7],"1":[1,6],"2":[3,3],"3":[0,3],"4":[1,2],"5":[1,1],"6":[0,1],"7":[1,0]},"_coverageSchema":"1a1c01bbd47fc00a2c39e90264f33305004495a9","hash":"e17e543b096de53981a5bc8276a4508d27ded731"}
}
