TN:
SF:src/function/CheckBill.js
FN:10,FetchBill
FN:13,(anonymous_1)
FN:19,(anonymous_2)
FN:20,(anonymous_3)
FN:21,(anonymous_4)
FN:22,(anonymous_5)
FN:23,(anonymous_6)
FNF:7
FNH:7
FNDA:8,FetchBill
FNDA:24,(anonymous_1)
FNDA:24,(anonymous_2)
FNDA:24,(anonymous_3)
FNDA:24,(anonymous_4)
FNDA:24,(anonymous_5)
FNDA:24,(anonymous_6)
DA:11,8
DA:13,24
DA:15,8
DA:17,8
DA:18,8
DA:19,24
DA:20,24
DA:21,24
DA:22,24
DA:23,24
DA:26,8
DA:27,1
DA:28,7
DA:29,1
DA:30,6
DA:31,3
DA:32,3
DA:33,0
DA:34,3
DA:35,1
DA:36,2
DA:37,1
DA:38,1
DA:39,0
DA:40,1
DA:41,1
DA:43,0
DA:44,0
LF:28
LH:24
BRDA:26,0,0,1
BRDA:26,0,1,7
BRDA:28,1,0,1
BRDA:28,1,1,6
BRDA:30,2,0,3
BRDA:30,2,1,3
BRDA:32,3,0,0
BRDA:32,3,1,3
BRDA:34,4,0,1
BRDA:34,4,1,2
BRDA:36,5,0,1
BRDA:36,5,1,1
BRDA:38,6,0,0
BRDA:38,6,1,1
BRDA:40,7,0,1
BRDA:40,7,1,0
BRF:16
BRH:13
end_of_record
